<?xml version="1.0" encoding="utf-8"?><testsuites name="pytest tests"><testsuite name="pytest" errors="0" failures="0" skipped="0" tests="20" time="2.724" timestamp="2026-06-23T07:15:35.679963+00:00" hostname="agent-env-22403996-25fc-44dd-96f3-d491d8ecbacb"><testcase classname="backend.tests.test_upload_and_carousel.TestUpload" name="test_upload_returns_url_and_path" time="0.529" /><testcase classname="backend.tests.test_upload_and_carousel.TestUpload" name="test_serve_uploaded_file" time="0.125" /><testcase classname="backend.tests.test_upload_and_carousel.TestUpload" name="test_serve_nonexistent_file" time="0.080" /><testcase classname="backend.tests.test_upload_and_carousel.TestProjectWithImages" name="test_upload_multiple_then_create_project" time="0.793" /><testcase classname="backend.tests.test_upload_and_carousel.TestProjectWithImages" name="test_project_persists_images_in_list" time="0.040" /><testcase classname="backend.tests.test_upload_and_carousel.TestProjectWithImages" name="test_update_project_images" time="0.081" /><testcase classname="backend.tests.test_upload_and_carousel.TestProjectWithImages" name="test_cleanup_delete_project" time="0.039" /><testcase classname="backend.tests.test_emara_api.TestRoot" name="test_root" time="0.093" /><testcase classname="backend.tests.test_emara_api.TestProjects" name="test_list_seeded_projects" time="0.044" /><testcase classname="backend.tests.test_emara_api.TestProjects" name="test_create_project_and_persist" time="0.086" /><testcase classname="backend.tests.test_emara_api.TestProjects" name="test_update_project" time="0.046" /><testcase classname="backend.tests.test_emara_api.TestProjects" name="test_update_invalid_id" time="0.041" /><testcase classname="backend.tests.test_emara_api.TestProjects" name="test_delete_project" time="0.088" /><testcase classname="backend.tests.test_emara_api.TestProjects" name="test_delete_nonexistent_project" time="0.075" /><testcase classname="backend.tests.test_emara_api.TestInquiries" name="test_create_inquiry_simulated_email" time="0.046" /><testcase classname="backend.tests.test_emara_api.TestInquiries" name="test_list_inquiries_contains_new" time="0.046" /><testcase classname="backend.tests.test_emara_api.TestInquiries" name="test_status_toggle" time="0.045" /><testcase classname="backend.tests.test_emara_api.TestInquiries" name="test_delete_inquiry" time="0.124" /><testcase classname="backend.tests.test_emara_api.TestSettings" name="test_get_settings" time="0.043" /><testcase classname="backend.tests.test_emara_api.TestSettings" name="test_update_settings" time="0.178" /></testsuite></testsuites>